<?xml version="1.0" encoding="UTF-8"?>
<testsuites name="DataLogin" time="28.623" tests="5" failures="0" errors="0">
   <testsuite name="DataLogin" tests="5" failures="0" errors="0" time="28.623" skipped="0" timestamp="20-02-2024T12:50:19" hostname="Abel Castro Garcia - TLS-ABELCASTRO" id="Test Suites/DataLogin">
      <properties>
         <property name="deviceName" value=""/>
         <property name="devicePlatform" value=""/>
         <property name="logFolder" value="C:\\Users\\Abel Castro Garcia\\OneDrive - Talisis\\Escritorio\\KatalonCICD\\Reports\\20240220_125012\\DataLogin\\20240220_125013"/>
         <property name="logFiles" value="C:\\Users\\Abel Castro Garcia\\OneDrive - Talisis\\Escritorio\\KatalonCICD\\Reports\\20240220_125012\\DataLogin\\20240220_125013\\execution0.log"/>
         <property name="attachments" value=""/>
         <property name="hostName" value="Abel Castro Garcia - TLS-ABELCASTRO"/>
         <property name="os" value="Windows 10 64bit"/>
         <property name="katalonVersion" value="9.3.0.212"/>
         <property name="browser" value="Chrome 121.0.0.0"/>
         <property name="hostAddress" value="10.10.100.184"/>
         <property name="sessionId" value="411c236f14410d97a0bf66f67c456a86"/>
         <property name="seleniumVersion" value="3.141.59"/>
         <property name="proxyInformation" value="ProxyInformation { proxyOption=NO_PROXY, proxyServerType=HTTP, username=, password=********, proxyServerAddress=, proxyServerPort=0, executionList=&quot;&quot;, isApplyToDesiredCapabilities=true }"/>
         <property name="platform" value="Windows 10"/>
      </properties>
      <testcase name="Test Cases/Buzón_login" time="7.853" classname="Test Cases/Buzón_login" status="PASSED">
         <system-out><![CDATA[20-02-2024T12:50:19 - [TEST_CASE][PASSED] - Test Cases/Buzón_login: Test Cases/Buzón_login

20-02-2024T12:50:20 - [TEST_STEP][PASSED] - openBrowser(""): Browser is opened with url: ''

20-02-2024T12:50:20 - [MESSAGE][INFO] - Starting 'Chrome' driver

20-02-2024T12:50:20 - [MESSAGE][INFO] - Action delay is set to 0 milliseconds

20-02-2024T12:50:22 - [MESSAGE][PASSED] - Browser is opened with url: ''

20-02-2024T12:50:22 - [TEST_STEP][PASSED] - navigateToUrl("https://buzon.talisis.com/admin"): Navigate to 'https://buzon.talisis.com/admin' successfully

20-02-2024T12:50:24 - [MESSAGE][PASSED] - Navigate to 'https://buzon.talisis.com/admin' successfully

20-02-2024T12:50:24 - [TEST_STEP][PASSED] - setText(findTestObject("Page_TALISIS  Buzon de transparencia/input_Usuario_user"), user): Text 'Roberto.Sanchez@talisis.com' is set on object 'Object Repository/Page_TALISIS  Buzon de transparencia/input_Usuario_user'

20-02-2024T12:50:25 - [MESSAGE][PASSED] - Text 'Roberto.Sanchez@talisis.com' is set on object 'Object Repository/Page_TALISIS  Buzon de transparencia/input_Usuario_user'

20-02-2024T12:50:25 - [TEST_STEP][PASSED] - setText(findTestObject("Object Repository/Page_TALISIS  Buzon de transparencia/input_Contrasea_password"), password): Text 'Talisis2024#' is set on object 'Object Repository/Page_TALISIS  Buzon de transparencia/input_Contrasea_password'

20-02-2024T12:50:26 - [MESSAGE][PASSED] - Text 'Talisis2024#' is set on object 'Object Repository/Page_TALISIS  Buzon de transparencia/input_Contrasea_password'

20-02-2024T12:50:26 - [TEST_STEP][PASSED] - click(findTestObject("Page_TALISIS  Buzon de transparencia/button_ACEPTAR")): Object: 'Object Repository/Page_TALISIS  Buzon de transparencia/button_ACEPTAR' is clicked on

20-02-2024T12:50:27 - [MESSAGE][PASSED] - Object: 'Object Repository/Page_TALISIS  Buzon de transparencia/button_ACEPTAR' is clicked on]]></system-out>
         <system-err><![CDATA[]]></system-err>
      </testcase>
      <testcase name="Test Cases/Buzón_login" time="5.767" classname="Test Cases/Buzón_login" status="PASSED">
         <system-out><![CDATA[20-02-2024T12:50:27 - [TEST_CASE][PASSED] - Test Cases/Buzón_login: Test Cases/Buzón_login

20-02-2024T12:50:27 - [TEST_STEP][PASSED] - openBrowser(""): Browser is opened with url: ''

20-02-2024T12:50:27 - [MESSAGE][WARNING] - A browser is already opened. Closing browser and opening a new one

20-02-2024T12:50:27 - [MESSAGE][INFO] - Starting 'Chrome' driver

20-02-2024T12:50:27 - [MESSAGE][INFO] - Action delay is set to 0 milliseconds

20-02-2024T12:50:29 - [MESSAGE][PASSED] - Browser is opened with url: ''

20-02-2024T12:50:29 - [TEST_STEP][PASSED] - navigateToUrl("https://buzon.talisis.com/admin"): Navigate to 'https://buzon.talisis.com/admin' successfully

20-02-2024T12:50:31 - [MESSAGE][PASSED] - Navigate to 'https://buzon.talisis.com/admin' successfully

20-02-2024T12:50:31 - [TEST_STEP][PASSED] - setText(findTestObject("Page_TALISIS  Buzon de transparencia/input_Usuario_user"), user): Text 'abel.castro@talisis.com' is set on object 'Object Repository/Page_TALISIS  Buzon de transparencia/input_Usuario_user'

20-02-2024T12:50:32 - [MESSAGE][PASSED] - Text 'abel.castro@talisis.com' is set on object 'Object Repository/Page_TALISIS  Buzon de transparencia/input_Usuario_user'

20-02-2024T12:50:32 - [TEST_STEP][PASSED] - setText(findTestObject("Object Repository/Page_TALISIS  Buzon de transparencia/input_Contrasea_password"), password): Text '654321' is set on object 'Object Repository/Page_TALISIS  Buzon de transparencia/input_Contrasea_password'

20-02-2024T12:50:32 - [MESSAGE][PASSED] - Text '654321' is set on object 'Object Repository/Page_TALISIS  Buzon de transparencia/input_Contrasea_password'

20-02-2024T12:50:32 - [TEST_STEP][PASSED] - click(findTestObject("Page_TALISIS  Buzon de transparencia/button_ACEPTAR")): Object: 'Object Repository/Page_TALISIS  Buzon de transparencia/button_ACEPTAR' is clicked on

20-02-2024T12:50:33 - [MESSAGE][PASSED] - Object: 'Object Repository/Page_TALISIS  Buzon de transparencia/button_ACEPTAR' is clicked on]]></system-out>
         <system-err><![CDATA[]]></system-err>
      </testcase>
      <testcase name="Test Cases/Buzón_login" time="5.482" classname="Test Cases/Buzón_login" status="PASSED">
         <system-out><![CDATA[20-02-2024T12:50:33 - [TEST_CASE][PASSED] - Test Cases/Buzón_login: Test Cases/Buzón_login

20-02-2024T12:50:33 - [TEST_STEP][PASSED] - openBrowser(""): Browser is opened with url: ''

20-02-2024T12:50:33 - [MESSAGE][WARNING] - A browser is already opened. Closing browser and opening a new one

20-02-2024T12:50:33 - [MESSAGE][INFO] - Starting 'Chrome' driver

20-02-2024T12:50:33 - [MESSAGE][INFO] - Action delay is set to 0 milliseconds

20-02-2024T12:50:34 - [MESSAGE][PASSED] - Browser is opened with url: ''

20-02-2024T12:50:34 - [TEST_STEP][PASSED] - navigateToUrl("https://buzon.talisis.com/admin"): Navigate to 'https://buzon.talisis.com/admin' successfully

20-02-2024T12:50:37 - [MESSAGE][PASSED] - Navigate to 'https://buzon.talisis.com/admin' successfully

20-02-2024T12:50:37 - [TEST_STEP][PASSED] - setText(findTestObject("Page_TALISIS  Buzon de transparencia/input_Usuario_user"), user): Text 'miguel.cuevas@talisis.com' is set on object 'Object Repository/Page_TALISIS  Buzon de transparencia/input_Usuario_user'

20-02-2024T12:50:37 - [MESSAGE][PASSED] - Text 'miguel.cuevas@talisis.com' is set on object 'Object Repository/Page_TALISIS  Buzon de transparencia/input_Usuario_user'

20-02-2024T12:50:37 - [TEST_STEP][PASSED] - setText(findTestObject("Object Repository/Page_TALISIS  Buzon de transparencia/input_Contrasea_password"), password): Text '' is set on object 'Object Repository/Page_TALISIS  Buzon de transparencia/input_Contrasea_password'

20-02-2024T12:50:38 - [MESSAGE][PASSED] - Text '' is set on object 'Object Repository/Page_TALISIS  Buzon de transparencia/input_Contrasea_password'

20-02-2024T12:50:38 - [TEST_STEP][PASSED] - click(findTestObject("Page_TALISIS  Buzon de transparencia/button_ACEPTAR")): Object: 'Object Repository/Page_TALISIS  Buzon de transparencia/button_ACEPTAR' is clicked on

20-02-2024T12:50:38 - [MESSAGE][PASSED] - Object: 'Object Repository/Page_TALISIS  Buzon de transparencia/button_ACEPTAR' is clicked on]]></system-out>
         <system-err><![CDATA[]]></system-err>
      </testcase>
      <testcase name="Test Cases/Buzón_login" time="4.481" classname="Test Cases/Buzón_login" status="PASSED">
         <system-out><![CDATA[20-02-2024T12:50:38 - [TEST_CASE][PASSED] - Test Cases/Buzón_login: Test Cases/Buzón_login

20-02-2024T12:50:38 - [TEST_STEP][PASSED] - openBrowser(""): Browser is opened with url: ''

20-02-2024T12:50:38 - [MESSAGE][WARNING] - A browser is already opened. Closing browser and opening a new one

20-02-2024T12:50:39 - [MESSAGE][INFO] - Starting 'Chrome' driver

20-02-2024T12:50:39 - [MESSAGE][INFO] - Action delay is set to 0 milliseconds

20-02-2024T12:50:40 - [MESSAGE][PASSED] - Browser is opened with url: ''

20-02-2024T12:50:40 - [TEST_STEP][PASSED] - navigateToUrl("https://buzon.talisis.com/admin"): Navigate to 'https://buzon.talisis.com/admin' successfully

20-02-2024T12:50:41 - [MESSAGE][PASSED] - Navigate to 'https://buzon.talisis.com/admin' successfully

20-02-2024T12:50:41 - [TEST_STEP][PASSED] - setText(findTestObject("Page_TALISIS  Buzon de transparencia/input_Usuario_user"), user): Text 'abel.castro@talisis.com' is set on object 'Object Repository/Page_TALISIS  Buzon de transparencia/input_Usuario_user'

20-02-2024T12:50:42 - [MESSAGE][PASSED] - Text 'abel.castro@talisis.com' is set on object 'Object Repository/Page_TALISIS  Buzon de transparencia/input_Usuario_user'

20-02-2024T12:50:42 - [TEST_STEP][PASSED] - setText(findTestObject("Object Repository/Page_TALISIS  Buzon de transparencia/input_Contrasea_password"), password): Text '  ' is set on object 'Object Repository/Page_TALISIS  Buzon de transparencia/input_Contrasea_password'

20-02-2024T12:50:42 - [MESSAGE][PASSED] - Text '  ' is set on object 'Object Repository/Page_TALISIS  Buzon de transparencia/input_Contrasea_password'

20-02-2024T12:50:42 - [TEST_STEP][PASSED] - click(findTestObject("Page_TALISIS  Buzon de transparencia/button_ACEPTAR")): Object: 'Object Repository/Page_TALISIS  Buzon de transparencia/button_ACEPTAR' is clicked on

20-02-2024T12:50:43 - [MESSAGE][PASSED] - Object: 'Object Repository/Page_TALISIS  Buzon de transparencia/button_ACEPTAR' is clicked on]]></system-out>
         <system-err><![CDATA[]]></system-err>
      </testcase>
      <testcase name="Test Cases/Buzón_login" time="4.688" classname="Test Cases/Buzón_login" status="PASSED">
         <system-out><![CDATA[20-02-2024T12:50:43 - [TEST_CASE][PASSED] - Test Cases/Buzón_login: Test Cases/Buzón_login

20-02-2024T12:50:43 - [TEST_STEP][PASSED] - openBrowser(""): Browser is opened with url: ''

20-02-2024T12:50:43 - [MESSAGE][WARNING] - A browser is already opened. Closing browser and opening a new one

20-02-2024T12:50:43 - [MESSAGE][INFO] - Starting 'Chrome' driver

20-02-2024T12:50:43 - [MESSAGE][INFO] - Action delay is set to 0 milliseconds

20-02-2024T12:50:44 - [MESSAGE][PASSED] - Browser is opened with url: ''

20-02-2024T12:50:44 - [TEST_STEP][PASSED] - navigateToUrl("https://buzon.talisis.com/admin"): Navigate to 'https://buzon.talisis.com/admin' successfully

20-02-2024T12:50:46 - [MESSAGE][PASSED] - Navigate to 'https://buzon.talisis.com/admin' successfully

20-02-2024T12:50:46 - [TEST_STEP][PASSED] - setText(findTestObject("Page_TALISIS  Buzon de transparencia/input_Usuario_user"), user): Text '' is set on object 'Object Repository/Page_TALISIS  Buzon de transparencia/input_Usuario_user'

20-02-2024T12:50:46 - [MESSAGE][PASSED] - Text '' is set on object 'Object Repository/Page_TALISIS  Buzon de transparencia/input_Usuario_user'

20-02-2024T12:50:46 - [TEST_STEP][PASSED] - setText(findTestObject("Object Repository/Page_TALISIS  Buzon de transparencia/input_Contrasea_password"), password): Text '12345678' is set on object 'Object Repository/Page_TALISIS  Buzon de transparencia/input_Contrasea_password'

20-02-2024T12:50:47 - [MESSAGE][PASSED] - Text '12345678' is set on object 'Object Repository/Page_TALISIS  Buzon de transparencia/input_Contrasea_password'

20-02-2024T12:50:47 - [TEST_STEP][PASSED] - click(findTestObject("Page_TALISIS  Buzon de transparencia/button_ACEPTAR")): Object: 'Object Repository/Page_TALISIS  Buzon de transparencia/button_ACEPTAR' is clicked on

20-02-2024T12:50:48 - [MESSAGE][PASSED] - Object: 'Object Repository/Page_TALISIS  Buzon de transparencia/button_ACEPTAR' is clicked on]]></system-out>
         <system-err><![CDATA[]]></system-err>
      </testcase>
      <system-out><![CDATA[20-02-2024T12:50:19 - [TEST_SUITE][PASSED] - DataLogin: Test Cases/Buzón_login]]></system-out>
      <system-err><![CDATA[]]></system-err>
   </testsuite>
</testsuites>
